<?xml version="1.0" encoding="UTF-8"?>
<!-- Generated by org.testng.reporters.JUnitXMLReporter -->
<testsuite ignored="5" hostname="C02D3KDHMD6M" failures="0" tests="1" name="Test" time="8.345" errors="0" timestamp="2024-03-27T09:50:30 IST">
  <testcase classname="com.ebay.tests.SearchListingTest" name="EbaySearchListing" time="6.304"/>
  <testcase classname="com.ebay.tests.BaseTest" name="@BeforeTest BaseSetUp" time="0.0">
    <ignored/>
  </testcase> <!-- @BeforeTest BaseSetUp -->
  <testcase classname="com.ebay.tests.BaseTest" name="@BeforeTest BaseSetUp" time="0.0">
    <ignored/>
  </testcase> <!-- @BeforeTest BaseSetUp -->
  <testcase classname="com.ebay.tests.BaseTest" name="@BeforeTest BaseSetUp" time="0.0">
    <ignored/>
  </testcase> <!-- @BeforeTest BaseSetUp -->
  <testcase classname="com.ebay.tests.BaseTest" name="@BeforeTest BaseSetUp" time="0.0">
    <ignored/>
  </testcase> <!-- @BeforeTest BaseSetUp -->
  <testcase classname="com.ebay.tests.BaseTest" name="@BeforeTest BaseSetUp" time="0.0">
    <ignored/>
  </testcase> <!-- @BeforeTest BaseSetUp -->
</testsuite> <!-- Test -->
