<?xml version="1.0" encoding="UTF-8"?>
<testng-results ignored="0" total="1" passed="1" failed="0" skipped="0">
  <reporter-output>
  </reporter-output>
  <suite started-at="2024-03-27T09:50:22 IST" name="Suite" finished-at="2024-03-27T09:50:30 IST" duration-ms="8345">
    <groups>
    </groups>
    <test started-at="2024-03-27T09:50:22 IST" name="Test" finished-at="2024-03-27T09:50:30 IST" duration-ms="8345">
      <class name="com.ebay.tests.SearchListingTest">
        <test-method signature="EbaySearchListing(java.lang.String,java.lang.String,java.lang.String,int)[pri:0, instance:com.ebay.tests.SearchListingTest@70a36a66]" started-at="2024-03-27T09:50:24 IST" name="EbaySearchListing" finished-at="2024-03-27T09:50:30 IST" duration-ms="6304" status="PASS">
          <params>
            <param index="0">
              <value>
                <![CDATA[Ipad]]>
              </value>
            </param>
            <param index="1">
              <value>
                <![CDATA[results for Ipad]]>
              </value>
            </param>
            <param index="2">
              <value>
                <![CDATA[Price + Shipping: lowest first]]>
              </value>
            </param>
            <param index="3">
              <value>
                <![CDATA[11]]>
              </value>
            </param>
          </params>
          <reporter-output>
          </reporter-output>
        </test-method> <!-- EbaySearchListing -->
        <test-method is-config="true" signature="suiteTearDown()[pri:0, instance:com.ebay.tests.SearchListingTest@70a36a66]" started-at="2024-03-27T09:50:30 IST" name="suiteTearDown" finished-at="2024-03-27T09:50:30 IST" duration-ms="196" status="PASS">
          <reporter-output>
          </reporter-output>
        </test-method> <!-- suiteTearDown -->
      </class> <!-- com.ebay.tests.SearchListingTest -->
      <class name="com.ebay.tests.ProductPrice">
        <test-method is-config="true" signature="BaseSetUp(java.lang.String)[pri:0, instance:com.ebay.tests.ProductPrice@6492fab5]" started-at="2024-03-27T09:50:22 IST" name="BaseSetUp" finished-at="2024-03-27T09:50:24 IST" duration-ms="1814" status="PASS">
          <params>
            <param index="0">
              <value>
                <![CDATA[https://www.ebay.com]]>
              </value>
            </param>
          </params>
          <reporter-output>
          </reporter-output>
        </test-method> <!-- BaseSetUp -->
      </class> <!-- com.ebay.tests.ProductPrice -->
    </test> <!-- Test -->
  </suite> <!-- Suite -->
</testng-results>
